<?xml version="1.0" encoding="UTF-8"?>
<!-- Generated by org.testng.reporters.JUnitReportReporter -->
<testsuite hostname="Abhisheks-MacBook-Air.local" failures="0" tests="1" name="com.example.appium.Tests.Leagues1" time="38.001" errors="0" timestamp="2024-04-20T18:04:34 GMT-04:00" skipped="0">
  <testcase classname="com.example.appium.Tests.Leagues1" name="testApp" time="38.001"/>
  <system-out/>
</testsuite> <!-- com.example.appium.Tests.Leagues1 -->
