<?xml version="1.0" encoding="UTF-8"?>
<!-- Generated by org.testng.reporters.JUnitReportReporter -->
<testsuite hostname="Abhisheks-MacBook-Air.local" failures="0" tests="1" name="com.example.appium.Leagues1" time="0.005" errors="0" timestamp="2024-04-20T15:54:08 GMT-04:00" skipped="0">
  <testcase classname="com.example.appium.Leagues1" name="testApp" time="0.005"/>
  <system-out/>
</testsuite> <!-- com.example.appium.Leagues1 -->
